<?xml version="1.0" encoding="UTF-8"?>
<testng-results skipped="0" failed="0" ignored="1" total="2" passed="1">
  <reporter-output>
  </reporter-output>
  <suite name="Default suite" duration-ms="35816" started-at="2021-01-31T01:22:54 IST" finished-at="2021-01-31T01:23:30 IST">
    <groups>
    </groups>
    <test name="Default test" duration-ms="35816" started-at="2021-01-31T01:22:54 IST" finished-at="2021-01-31T01:23:30 IST">
      <class name="Native.NativeAppTesting">
        <test-method status="PASS" signature="bt()[pri:0, instance:Native.NativeAppTesting@5faeada1]" name="bt" is-config="true" duration-ms="23966" started-at="2021-01-31T01:22:54 IST" finished-at="2021-01-31T01:23:18 IST">
          <reporter-output>
          </reporter-output>
        </test-method> <!-- bt -->
        <test-method status="PASS" signature="test2()[pri:0, instance:Native.NativeAppTesting@5faeada1]" name="test2" duration-ms="11761" started-at="2021-01-31T01:23:18 IST" finished-at="2021-01-31T01:23:29 IST">
          <reporter-output>
          </reporter-output>
        </test-method> <!-- test2 -->
      </class> <!-- Native.NativeAppTesting -->
    </test> <!-- Default test -->
  </suite> <!-- Default suite -->
</testng-results>
